<?xml version="1.0" encoding="UTF-8"?>
<testsuite xmlns:xsi="http://www.w3.org/2001/XMLSchema-instance" xsi:noNamespaceSchemaLocation="https://maven.apache.org/surefire/maven-surefire-plugin/xsd/surefire-test-report-3.0.xsd" version="3.0" name="com.shoppingApp.order_servic.OrderServicApplicationTests" time="8.57" tests="1" errors="0" skipped="0" failures="0">
  <properties>
[...]
</properties>
  <testcase name="contextLoads" classname="com.shoppingApp.order_servic.OrderServicApplicationTests" time="0.854">
    <system-out><![CDATA[16:06:51.102 [main] INFO org.springframework.test.context.support.AnnotationConfigContextLoaderUtils -- Could not detect default configuration classes for test class [com.shoppingApp.order_servic.OrderServicApplicationTests]: OrderServicApplicationTests does not declare any static, non-private, non-final, nested classes annotated with @Configuration.
16:06:51.281 [main] INFO org.springframework.boot.test.context.SpringBootTestContextBootstrapper -- Found @SpringBootConfiguration com.shoppingApp.order_servic.OrderServicApplication for test class com.shoppingApp.order_servic.OrderServicApplicationTests

  .   ____          _            __ _ _
 /\\ / ___'_ __ _ _(_)_ __  __ _ \ \ \ \
( ( )\___ | '_ | '_| | '_ \/ _` | \ \ \ \
 \\/  ___)| |_)| | | | | || (_| |  ) ) ) )
  '  |____| .__|_| |_|_| |_\__, | / / / /
 =========|_|==============|___/=/_/_/_/
 :: Spring Boot ::                (v3.1.3)

2023-09-04T16:06:51.863+05:30  INFO 6076 --- [           main] c.s.o.OrderServicApplicationTests        : Starting OrderServicApplicationTests using Java 19.0.1 with PID 6076 (started by nuwan in J:\springboot\microservices-new\order_service)
2023-09-04T16:06:51.866+05:30  INFO 6076 --- [           main] c.s.o.OrderServicApplicationTests        : No active profile set, falling back to 1 default profile: "default"
2023-09-04T16:06:53.117+05:30  INFO 6076 --- [           main] .s.d.r.c.RepositoryConfigurationDelegate : Bootstrapping Spring Data JPA repositories in DEFAULT mode.
2023-09-04T16:06:53.225+05:30  INFO 6076 --- [           main] .s.d.r.c.RepositoryConfigurationDelegate : Finished Spring Data repository scanning in 90 ms. Found 1 JPA repository interfaces.
2023-09-04T16:06:53.930+05:30  INFO 6076 --- [           main] o.hibernate.jpa.internal.util.LogHelper  : HHH000204: Processing PersistenceUnitInfo [name: default]
2023-09-04T16:06:54.074+05:30  INFO 6076 --- [           main] org.hibernate.Version                    : HHH000412: Hibernate ORM core version 6.2.7.Final
2023-09-04T16:06:54.079+05:30  INFO 6076 --- [           main] org.hibernate.cfg.Environment            : HHH000406: Using bytecode reflection optimizer
2023-09-04T16:06:54.334+05:30  INFO 6076 --- [           main] o.h.b.i.BytecodeProviderInitiator        : HHH000021: Bytecode provider name : bytebuddy
2023-09-04T16:06:54.486+05:30  INFO 6076 --- [           main] o.s.o.j.p.SpringPersistenceUnitInfo      : No LoadTimeWeaver setup: ignoring JPA class transformer
2023-09-04T16:06:54.508+05:30  INFO 6076 --- [           main] com.zaxxer.hikari.HikariDataSource       : HikariPool-1 - Starting...
2023-09-04T16:06:54.512+05:30  WARN 6076 --- [           main] c.zaxxer.hikari.util.DriverDataSource    : Registered driver with driverClassName=com.mysql.jdbc.Driver was not found, trying direct instantiation.
2023-09-04T16:06:55.506+05:30  INFO 6076 --- [           main] com.zaxxer.hikari.pool.HikariPool        : HikariPool-1 - Added connection com.mysql.cj.jdbc.ConnectionImpl@69ffdaa8
2023-09-04T16:06:55.510+05:30  INFO 6076 --- [           main] com.zaxxer.hikari.HikariDataSource       : HikariPool-1 - Start completed.
2023-09-04T16:06:56.183+05:30  INFO 6076 --- [           main] o.h.b.i.BytecodeProviderInitiator        : HHH000021: Bytecode provider name : bytebuddy
2023-09-04T16:06:57.022+05:30  INFO 6076 --- [           main] o.h.e.t.j.p.i.JtaPlatformInitiator       : HHH000490: Using JtaPlatform implementation: [org.hibernate.engine.transaction.jta.platform.internal.NoJtaPlatform]
2023-09-04T16:06:57.345+05:30  INFO 6076 --- [           main] j.LocalContainerEntityManagerFactoryBean : Initialized JPA EntityManagerFactory for persistence unit 'default'
2023-09-04T16:06:58.001+05:30  WARN 6076 --- [           main] JpaBaseConfiguration$JpaWebConfiguration : spring.jpa.open-in-view is enabled by default. Therefore, database queries may be performed during view rendering. Explicitly configure spring.jpa.open-in-view to disable this warning
2023-09-04T16:06:58.582+05:30  INFO 6076 --- [           main] c.s.o.OrderServicApplicationTests        : Started OrderServicApplicationTests in 7.098 seconds (process running for 8.45)
]]></system-out>
    <system-err><![CDATA[Loading class `com.mysql.jdbc.Driver'. This is deprecated. The new driver class is `com.mysql.cj.jdbc.Driver'. The driver is automatically registered via the SPI and manual loading of the driver class is generally unnecessary.
]]></system-err>
  </testcase>
</testsuite>